<?xml version="1.0" encoding="UTF-8"?>
<!-- Generated by org.testng.reporters.JUnitReportReporter -->
<testsuite skipped="0" hostname="DESKTOP-8LVOAOH" name="testCases.TestNG_Test1" tests="1" failures="0" timestamp="2019-09-12T21:23:07 IST" time="10.697" errors="0">
  <testcase name="firstTest" time="10.697" classname="testCases.TestNG_Test1"/>
</testsuite> <!-- testCases.TestNG_Test1 -->
